<?xml version="1.0" encoding="UTF-8"?>
<testsuite xmlns:xsi="http://www.w3.org/2001/XMLSchema-instance" xsi:noNamespaceSchemaLocation="https://maven.apache.org/surefire/maven-surefire-plugin/xsd/surefire-test-report-3.0.xsd" version="3.0" name="com.example.assignement6sebook.Assignement6SeBookApplicationTests" time="2.621" tests="1" errors="0" skipped="0" failures="0">
  <properties>
[...]
</properties>
  <testcase name="contextLoads" classname="com.example.assignement6sebook.Assignement6SeBookApplicationTests" time="0.788">
    <system-out><![CDATA[11:40:33.789 [main] INFO org.springframework.test.context.support.AnnotationConfigContextLoaderUtils -- Could not detect default configuration classes for test class [com.example.assignement6sebook.Assignement6SeBookApplicationTests]: Assignement6SeBookApplicationTests does not declare any static, non-private, non-final, nested classes annotated with @Configuration.
11:40:33.936 [main] INFO org.springframework.boot.test.context.SpringBootTestContextBootstrapper -- Found @SpringBootConfiguration com.example.assignement6sebook.Assignement6SeBookApplication for test class com.example.assignement6sebook.Assignement6SeBookApplicationTests

  .   ____          _            __ _ _
 /\\ / ___'_ __ _ _(_)_ __  __ _ \ \ \ \
( ( )\___ | '_ | '_| | '_ \/ _` | \ \ \ \
 \\/  ___)| |_)| | | | | || (_| |  ) ) ) )
  '  |____| .__|_| |_|_| |_\__, | / / / /
 =========|_|==============|___/=/_/_/_/
 :: Spring Boot ::                (v3.1.0)

2023-06-02T11:40:34.300+02:00  INFO 16672 --- [           main] c.e.a.Assignement6SeBookApplicationTests : Starting Assignement6SeBookApplicationTests using Java 18.0.2.1 with PID 16672 (started by lauri in C:\Users\lauri\OneDrive\Documents\GitHub\Assignement6--Software-Engineering--Lauria-Rubega-Diana-Grecu-)
2023-06-02T11:40:34.302+02:00  INFO 16672 --- [           main] c.e.a.Assignement6SeBookApplicationTests : No active profile set, falling back to 1 default profile: "default"
2023-06-02T11:40:35.447+02:00  INFO 16672 --- [           main] c.e.a.Assignement6SeBookApplicationTests : Started Assignement6SeBookApplicationTests in 1.379 seconds (process running for 3.175)
]]></system-out>
  </testcase>
</testsuite>